app/build/intermediates/manifest_merge_blame_file/release/manifest-merger-blame-release-report.txt
1<?xml version="1.0" encoding="utf-8"?>
2<manifest xmlns:android="http://schemas.android.com/apk/res/android"
3    package="com.example.project_pang"
4    android:versionCode="1"
5    android:versionName="1.0" >
6
7    <uses-sdk
8        android:minSdkVersion="15"
8-->src\main\AndroidManifest.xml
9        android:targetSdkVersion="29" />
9-->src\main\AndroidManifest.xml
10
11    <uses-permission android:name="android.permission.WRITE_EXTERNAL_STORAGE" />
11-->src\main\AndroidManifest.xml:5:5-81
11-->src\main\AndroidManifest.xml:5:22-78
12    <uses-permission android:name="android.permission.READ_EXTERNAL_STORAGE" />
12-->src\main\AndroidManifest.xml:6:5-80
12-->src\main\AndroidManifest.xml:6:22-77
13    <uses-permission android:name="android.permission.INTERNET" />
13-->src\main\AndroidManifest.xml:7:5-67
13-->src\main\AndroidManifest.xml:7:22-64
14    <uses-permission android:name="android.permission.ACCESS_NETWORK_STATE" />
14-->src\main\AndroidManifest.xml:8:5-79
14-->src\main\AndroidManifest.xml:8:22-76
15    <uses-permission android:name="android.permission.CHANGE_WIFI_STATE" />
15-->src\main\AndroidManifest.xml:9:5-76
15-->src\main\AndroidManifest.xml:9:22-73
16    <uses-permission android:name="android.permission.READ_PHONE_STATE" />
16-->src\main\AndroidManifest.xml:10:5-75
16-->src\main\AndroidManifest.xml:10:22-72
17    <uses-permission android:name="android.permission.READ_CONTACTS" />
17-->src\main\AndroidManifest.xml:11:5-72
17-->src\main\AndroidManifest.xml:11:22-69
18    <uses-permission android:name="Android.permission.ACCESS_WIFI_STATE" />
18-->src\main\AndroidManifest.xml:12:5-76
18-->src\main\AndroidManifest.xml:12:22-73
19    <uses-permission android:name="android.permission.ACCESS_NETWORK_STATE" />
19-->src\main\AndroidManifest.xml:8:5-79
19-->src\main\AndroidManifest.xml:8:22-76
20
21    <uses-feature
21-->[com.google.android.gms:play-services-maps:17.0.0] AndroidManifest.xml:26:5-28:35
22        android:glEsVersion="0x00020000"
22-->[com.google.android.gms:play-services-maps:17.0.0] AndroidManifest.xml:27:9-41
23        android:required="true" />
23-->[com.google.android.gms:play-services-maps:17.0.0] AndroidManifest.xml:28:9-32
24
25    <application
25-->src\main\AndroidManifest.xml:15:5-67:19
26        android:name="com.example.panglimi.GlobalApplication"
26-->src\main\AndroidManifest.xml:16:9-42
27        android:allowBackup="true"
27-->src\main\AndroidManifest.xml:17:9-35
28        android:appComponentFactory="androidx.core.app.CoreComponentFactory"
28-->[androidx.core:core:1.1.0] AndroidManifest.xml:24:18-86
29        android:icon="@mipmap/pang_icon"
29-->src\main\AndroidManifest.xml:18:9-41
30        android:label="@string/app_name"
30-->src\main\AndroidManifest.xml:19:9-41
31        android:roundIcon="@mipmap/ic_launcher_round"
31-->src\main\AndroidManifest.xml:20:9-54
32        android:supportsRtl="true"
32-->src\main\AndroidManifest.xml:21:9-35
33        android:theme="@style/Theme.AppCompat.Light.NoActionBar"
33-->src\main\AndroidManifest.xml:22:9-65
34        android:usesCleartextTraffic="true" >
34-->src\main\AndroidManifest.xml:23:9-44
35        <activity android:name="com.example.panglimi.Kakaosticknum_Page" />
35-->src\main\AndroidManifest.xml:24:9-56
35-->src\main\AndroidManifest.xml:24:19-53
36        <activity android:name="com.example.panglimi.Nonnetwork_Page" />
36-->src\main\AndroidManifest.xml:25:9-53
36-->src\main\AndroidManifest.xml:25:19-50
37        <activity android:name="com.example.panglimi.Logout_Page" />
37-->src\main\AndroidManifest.xml:26:9-49
37-->src\main\AndroidManifest.xml:26:19-46
38        <activity android:name="com.example.panglimi.Withdraw_Page" />
38-->src\main\AndroidManifest.xml:27:9-51
38-->src\main\AndroidManifest.xml:27:19-48
39        <activity android:name="com.example.panglimi.Signup_Page" />
39-->src\main\AndroidManifest.xml:28:9-49
39-->src\main\AndroidManifest.xml:28:19-46
40        <activity android:name="com.example.panglimi.Login_Page" >
40-->src\main\AndroidManifest.xml:29:9-35:20
40-->src\main\AndroidManifest.xml:29:19-45
41            <intent-filter>
41-->src\main\AndroidManifest.xml:30:13-34:29
42                <action android:name="android.intent.action.MAIN" />
42-->src\main\AndroidManifest.xml:31:17-69
42-->src\main\AndroidManifest.xml:31:25-66
43
44                <category android:name="android.intent.category.LAUNCHER" />
44-->src\main\AndroidManifest.xml:33:17-77
44-->src\main\AndroidManifest.xml:33:27-74
45            </intent-filter>
46        </activity>
47
48        <meta-data
48-->src\main\AndroidManifest.xml:37:9-39:71
49            android:name="com.google.android.maps.v2.API_KEY"
49-->src\main\AndroidManifest.xml:38:13-62
50            android:value="AIzaSyABV2bEbD9E1zY09DxWEyvmy9qo9fP73eU" />
50-->src\main\AndroidManifest.xml:39:13-68
51        <meta-data
51-->src\main\AndroidManifest.xml:40:9-42:53
52            android:name="com.kakao.sdk.AppKey"
52-->src\main\AndroidManifest.xml:41:13-48
53            android:value="@string/kakao_app_key" />
53-->src\main\AndroidManifest.xml:42:13-50
54
55        <activity
55-->src\main\AndroidManifest.xml:44:9-53:20
56            android:name="com.kakao.auth.authorization.authcode.KakaoWebViewActivity"
56-->src\main\AndroidManifest.xml:45:13-86
57            android:configChanges="orientation|screenSize"
57-->[com.kakao.sdk:auth:1.14.0] AndroidManifest.xml:14:13-59
58            android:exported="false"
58-->[com.kakao.sdk:auth:1.14.0] AndroidManifest.xml:15:13-37
59            android:label="@string/com_kakao_login_button"
59-->[com.kakao.sdk:auth:1.14.0] AndroidManifest.xml:16:13-59
60            android:launchMode="singleTop"
60-->src\main\AndroidManifest.xml:46:13-43
61            android:windowSoftInputMode="adjustResize" >
61-->src\main\AndroidManifest.xml:47:13-55
62            <intent-filter>
62-->src\main\AndroidManifest.xml:48:13-52:29
63                <action android:name="android.intent.action.MAIN" />
63-->src\main\AndroidManifest.xml:31:17-69
63-->src\main\AndroidManifest.xml:31:25-66
64
65                <category android:name="android.intent.category.DEFAULT" />
65-->src\main\AndroidManifest.xml:51:17-76
65-->src\main\AndroidManifest.xml:51:27-73
66            </intent-filter>
67        </activity>
68        <activity android:name="com.example.panglimi.MainActivity" />
68-->src\main\AndroidManifest.xml:54:9-50
68-->src\main\AndroidManifest.xml:54:19-47
69        <activity android:name="com.example.panglimi.Setting_Page" />
69-->src\main\AndroidManifest.xml:55:9-50
69-->src\main\AndroidManifest.xml:55:19-47
70        <activity android:name="com.example.panglimi.Caution_Page" />
70-->src\main\AndroidManifest.xml:56:9-50
70-->src\main\AndroidManifest.xml:56:19-47
71        <activity android:name="com.example.panglimi.Home_Page" />
71-->src\main\AndroidManifest.xml:57:9-47
71-->src\main\AndroidManifest.xml:57:19-44
72        <activity android:name="com.example.panglimi.Address_Page" />
72-->src\main\AndroidManifest.xml:58:9-50
72-->src\main\AndroidManifest.xml:58:19-47
73        <activity android:name="com.example.panglimi.Findaccount_Page" />
73-->src\main\AndroidManifest.xml:59:9-54
73-->src\main\AndroidManifest.xml:59:19-51
74        <activity android:name="com.example.panglimi.Successfind_Page" />
74-->src\main\AndroidManifest.xml:60:9-54
74-->src\main\AndroidManifest.xml:60:19-51
75        <activity android:name="com.example.panglimi.Sticknum_Page" />
75-->src\main\AndroidManifest.xml:61:9-51
75-->src\main\AndroidManifest.xml:61:19-48
76
77        <service
77-->src\main\AndroidManifest.xml:63:9-66:39
78            android:name="com.example.panglimi.MyService"
78-->src\main\AndroidManifest.xml:64:13-38
79            android:enabled="true"
79-->src\main\AndroidManifest.xml:65:13-35
80            android:exported="true" />
80-->src\main\AndroidManifest.xml:66:13-36
81        <!-- Needs to be explicitly declared on P+ -->
82        <uses-library
82-->[com.google.android.gms:play-services-maps:17.0.0] AndroidManifest.xml:33:9-35:40
83            android:name="org.apache.http.legacy"
83-->[com.google.android.gms:play-services-maps:17.0.0] AndroidManifest.xml:34:13-50
84            android:required="false" />
84-->[com.google.android.gms:play-services-maps:17.0.0] AndroidManifest.xml:35:13-37
85
86        <activity
86-->[com.google.android.gms:play-services-base:17.0.0] AndroidManifest.xml:23:9-26:75
87            android:name="com.google.android.gms.common.api.GoogleApiActivity"
87-->[com.google.android.gms:play-services-base:17.0.0] AndroidManifest.xml:24:13-79
88            android:exported="false"
88-->[com.google.android.gms:play-services-base:17.0.0] AndroidManifest.xml:25:13-37
89            android:theme="@android:style/Theme.Translucent.NoTitleBar" />
89-->[com.google.android.gms:play-services-base:17.0.0] AndroidManifest.xml:26:13-72
90
91        <meta-data
91-->[com.google.android.gms:play-services-basement:17.0.0] AndroidManifest.xml:23:9-25:69
92            android:name="com.google.android.gms.version"
92-->[com.google.android.gms:play-services-basement:17.0.0] AndroidManifest.xml:24:13-58
93            android:value="@integer/google_play_services_version" />
93-->[com.google.android.gms:play-services-basement:17.0.0] AndroidManifest.xml:25:13-66
94    </application>
95
96</manifest>